Using pre-set license
Built from '6000.0/staging' branch; Version is '6000.0.55f1 (c5f59906196d) revision 12973465'; Using compiler version '193933523'; Build Type 'Release'
OS: 'Windows 11  (10.0.26100) 64bit Professional' Language: 'en' Physical Memory: 32493 MB
BatchMode: 1, IsHumanControllingUs: 0, StartBugReporterOnCrash: 0, Is64bit: 1
Date: 2025-10-31T23:31:53Z

COMMAND LINE ARGUMENTS:
C:\Program Files\Unity\Hub\Editor\6000.0.55f1\Editor\Unity.exe
-adb2
-batchMode
-noUpm
-name
AssetImportWorker0
-projectPath
C:/Users/s2533010/Documents/GitHub/GD14_Enta1133_Unity/Assignment_1_Import
-logFile
Logs/AssetImportWorker0.log
-srvPort
51792
-job-worker-count
7
-background-job-worker-count
8
-gc-helper-count
1
Successfully changed project path to: C:/Users/s2533010/Documents/GitHub/GD14_Enta1133_Unity/Assignment_1_Import
C:/Users/s2533010/Documents/GitHub/GD14_Enta1133_Unity/Assignment_1_Import
[UnityMemory] Configuration Parameters - Can be set up in boot.config
    "memorysetup-bucket-allocator-granularity=16"
    "memorysetup-bucket-allocator-bucket-count=8"
    "memorysetup-bucket-allocator-block-size=33554432"
    "memorysetup-bucket-allocator-block-count=8"
    "memorysetup-main-allocator-block-size=16777216"
    "memorysetup-thread-allocator-block-size=16777216"
    "memorysetup-gfx-main-allocator-block-size=16777216"
    "memorysetup-gfx-thread-allocator-block-size=16777216"
    "memorysetup-cache-allocator-block-size=4194304"
    "memorysetup-typetree-allocator-block-size=2097152"
    "memorysetup-profiler-bucket-allocator-granularity=16"
    "memorysetup-profiler-bucket-allocator-bucket-count=8"
    "memorysetup-profiler-bucket-allocator-block-size=33554432"
    "memorysetup-profiler-bucket-allocator-block-count=8"
    "memorysetup-profiler-allocator-block-size=16777216"
    "memorysetup-profiler-editor-allocator-block-size=1048576"
    "memorysetup-temp-allocator-size-main=16777216"
    "memorysetup-job-temp-allocator-block-size=2097152"
    "memorysetup-job-temp-allocator-block-size-background=1048576"
    "memorysetup-job-temp-allocator-reduction-small-platforms=262144"
    "memorysetup-allocator-temp-initial-block-size-main=262144"
    "memorysetup-allocator-temp-initial-block-size-worker=262144"
    "memorysetup-temp-allocator-size-background-worker=32768"
    "memorysetup-temp-allocator-size-job-worker=262144"
    "memorysetup-temp-allocator-size-preload-manager=33554432"
    "memorysetup-temp-allocator-size-nav-mesh-worker=65536"
    "memorysetup-temp-allocator-size-audio-worker=65536"
    "memorysetup-temp-allocator-size-cloud-worker=32768"
    "memorysetup-temp-allocator-size-gi-baking-worker=262144"
    "memorysetup-temp-allocator-size-gi-baking-worker=262144"
    "memorysetup-temp-allocator-size-gi-baking-worker=262144"
    "memorysetup-temp-allocator-size-gi-baking-worker=262144"
    "memorysetup-temp-allocator-size-gi-baking-worker=262144"
    "memorysetup-temp-allocator-size-gfx=262144"
Player connection [29924]  Target information:

Player connection [29924]  * "[IP] 10.214.7.80 [Port] 0 [Flags] 2 [Guid] 4188677481 [EditorId] 4188677481 [Version] 1048832 [Id] WindowsEditor(7,KPU-A33) [Debug] 1 [PackageName] WindowsEditor [ProjectName] Editor" 

Player connection [29924] Host joined multi-casting on [225.0.0.222:54997]...
Player connection [29924] Host joined alternative multi-casting on [225.0.0.222:34997]...
JobSystem: Creating JobQueue using job-worker-count value 7
Input System module state changed to: Initialized.
[Physics::Module] Initialized fallback backend.
[Physics::Module] Id: 0xdecafbad
Library Redirect Path: Library/
[Physics::Module] Selected backend.
[Physics::Module] Name: PhysX
[Physics::Module] Id: 0xf2b8ea05
[Physics::Module] SDK Version: 4.1.2
[Physics::Module] Integration Version: 1.0.0
[Physics::Module] Threading Mode: Multi-Threaded
Refreshing native plugins compatible for Editor in 1.45 ms, found 3 plugins.
Preloading 0 native plugins for Editor in 0.00 ms.
Initialize engine version: 6000.0.55f1 (c5f59906196d)
[Subsystems] Discovering subsystems at path C:/Program Files/Unity/Hub/Editor/6000.0.55f1/Editor/Data/Resources/UnitySubsystems
[Subsystems] Discovering subsystems at path C:/Users/s2533010/Documents/GitHub/GD14_Enta1133_Unity/Assignment_1_Import/Assets
GfxDevice: creating device client; kGfxThreadingModeNonThreaded
Direct3D:
    Version:  Direct3D 11.0 [level 11.1]
    Renderer: NVIDIA RTX A4000 (ID=0x24b0)
    Vendor:   NVIDIA
    VRAM:     16169 MB
    Driver:   32.0.15.8115
Initialize mono
Mono path[0] = 'C:/Program Files/Unity/Hub/Editor/6000.0.55f1/Editor/Data/Managed'
Mono path[1] = 'C:/Program Files/Unity/Hub/Editor/6000.0.55f1/Editor/Data/MonoBleedingEdge/lib/mono/unityjit-win32'
Mono config path = 'C:/Program Files/Unity/Hub/Editor/6000.0.55f1/Editor/Data/MonoBleedingEdge/etc'
Using monoOptions --debugger-agent=transport=dt_socket,embedding=1,server=y,suspend=n,address=127.0.0.1:56952
Begin MonoManager ReloadAssembly
Registering precompiled unity dll's ...
Register platform support module: C:/Program Files/Unity/Hub/Editor/6000.0.55f1/Editor/Data/PlaybackEngines/WebGLSupport/UnityEditor.WebGL.Extensions.dll
Register platform support module: C:/Program Files/Unity/Hub/Editor/6000.0.55f1/Editor/Data/PlaybackEngines/WindowsStandaloneSupport/UnityEditor.WindowsStandalone.Extensions.dll
Register platform support module: C:/Program Files/Unity/Hub/Editor/6000.0.55f1/Editor/Data/PlaybackEngines/AndroidPlayer/UnityEditor.Android.Extensions.dll
Register platform support module: C:/Program Files/Unity/Hub/Editor/6000.0.55f1/Editor/Data/PlaybackEngines/iOSSupport/UnityEditor.iOS.Extensions.dll
Register platform support module: C:/Program Files/Unity/Hub/Editor/6000.0.55f1/Editor/Data/PlaybackEngines/LinuxStandaloneSupport/UnityEditor.LinuxStandalone.Extensions.dll
Registered in 0.007414 seconds.
- Loaded All Assemblies, in  0.362 seconds
Native extension for LinuxStandalone target not found
[usbmuxd] Start listen thread
[usbmuxd] Listen thread started
Native extension for iOS target not found
Native extension for Android target not found
Android Extension - Scanning For ADB Devices 231 ms
Native extension for WindowsStandalone target not found
Native extension for WebGL target not found
Mono: successfully reloaded assembly
- Finished resetting the current domain, in  0.578 seconds
Domain Reload Profiling: 938ms
	BeginReloadAssembly (117ms)
		ExecutionOrderSort (0ms)
		DisableScriptedObjects (0ms)
		BackupInstance (0ms)
		ReleaseScriptingObjects (0ms)
		CreateAndSetChildDomain (1ms)
	RebuildCommonClasses (32ms)
	RebuildNativeTypeToScriptingClass (10ms)
	initialDomainReloadingComplete (47ms)
	LoadAllAssembliesAndSetupDomain (154ms)
		LoadAssemblies (117ms)
		RebuildTransferFunctionScriptingTraits (0ms)
		AnalyzeDomain (150ms)
			TypeCache.Refresh (148ms)
				TypeCache.ScanAssembly (137ms)
			BuildScriptInfoCaches (0ms)
			ResolveRequiredComponents (0ms)
	FinalizeReload (578ms)
		ReleaseScriptCaches (0ms)
		RebuildScriptCaches (0ms)
		SetupLoadedEditorAssemblies (545ms)
			LogAssemblyErrors (0ms)
			InitializePlatformSupportModulesInManaged (330ms)
			SetLoadedEditorAssemblies (4ms)
			BeforeProcessingInitializeOnLoad (60ms)
			ProcessInitializeOnLoadAttributes (106ms)
			ProcessInitializeOnLoadMethodAttributes (46ms)
			AfterProcessingInitializeOnLoad (0ms)
			EditorAssembliesLoaded (0ms)
		ExecutionOrderSort2 (0ms)
		AwakeInstancesAfterBackupRestoration (0ms)
========================================================================
Worker process is ready to serve import requests
Import Worker Mode flag is 0x00
Begin MonoManager ReloadAssembly
- Loaded All Assemblies, in  0.616 seconds
Refreshing native plugins compatible for Editor in 0.73 ms, found 3 plugins.
Native extension for LinuxStandalone target not found
Native extension for iOS target not found
Native extension for Android target not found
Native extension for WindowsStandalone target not found
Native extension for WebGL target not found
Mono: successfully reloaded assembly
- Finished resetting the current domain, in  0.557 seconds
Domain Reload Profiling: 1171ms
	BeginReloadAssembly (147ms)
		ExecutionOrderSort (0ms)
		DisableScriptedObjects (5ms)
		BackupInstance (0ms)
		ReleaseScriptingObjects (0ms)
		CreateAndSetChildDomain (25ms)
	RebuildCommonClasses (29ms)
	RebuildNativeTypeToScriptingClass (10ms)
	initialDomainReloadingComplete (31ms)
	LoadAllAssembliesAndSetupDomain (398ms)
		LoadAssemblies (306ms)
		RebuildTransferFunctionScriptingTraits (0ms)
		AnalyzeDomain (174ms)
			TypeCache.Refresh (143ms)
				TypeCache.ScanAssembly (131ms)
			BuildScriptInfoCaches (24ms)
			ResolveRequiredComponents (3ms)
	FinalizeReload (558ms)
		ReleaseScriptCaches (0ms)
		RebuildScriptCaches (0ms)
		SetupLoadedEditorAssemblies (452ms)
			LogAssemblyErrors (0ms)
			InitializePlatformSupportModulesInManaged (13ms)
			SetLoadedEditorAssemblies (4ms)
			BeforeProcessingInitializeOnLoad (109ms)
			ProcessInitializeOnLoadAttributes (297ms)
			ProcessInitializeOnLoadMethodAttributes (26ms)
			AfterProcessingInitializeOnLoad (3ms)
			EditorAssembliesLoaded (0ms)
		ExecutionOrderSort2 (0ms)
		AwakeInstancesAfterBackupRestoration (5ms)
Launched and connected shader compiler UnityShaderCompiler.exe after 0.01 seconds
Refreshing native plugins compatible for Editor in 1.46 ms, found 3 plugins.
Preloading 0 native plugins for Editor in 0.00 ms.
Unloading 0 Unused Serialized files (Serialized files now loaded: 0)
Unloading 3837 unused Assets / (1.0 MB). Loaded Objects now: 4329.
Memory consumption went from 84.1 MB to 83.0 MB.
Total: 7.682100 ms (FindLiveObjects: 0.486600 ms CreateObjectMapping: 0.596200 ms MarkObjects: 5.054800 ms  DeleteObjects: 1.543000 ms)

========================================================================
Received Import Request.
  Time since last request: 929312.672639 seconds.
  path: Assets/Prefabs/RoomIte Variant.prefab
  artifactKey: Guid(7ba39672dc978504ebbe7fdf068cbcef) Importer(815301076,1909f56bfc062723c751e8b465ee728b)
Start importing Assets/Prefabs/RoomIte Variant.prefab using Guid(7ba39672dc978504ebbe7fdf068cbcef) Importer(815301076,1909f56bfc062723c751e8b465ee728b) (PreviewImporter) -> (artifact id: 'e06efdcdd644c9e62f86a963a3040bda') in 0.1360876 seconds
Number of updated asset objects reloaded before import = 0Number of asset objects unloaded after import = 297

========================================================================
Received Import Request.
  Time since last request: 3.668632 seconds.
  path: Assets/Prefabs/RoomTre Variant.prefab
  artifactKey: Guid(b9ef9525967bf344bbdaeea03c23dfbf) Importer(815301076,1909f56bfc062723c751e8b465ee728b)
Start importing Assets/Prefabs/RoomTre Variant.prefab using Guid(b9ef9525967bf344bbdaeea03c23dfbf) Importer(815301076,1909f56bfc062723c751e8b465ee728b) (PreviewImporter) -> (artifact id: '70787f79aebbfdb55ea54111fc089865') in 0.0238099 seconds
Number of updated asset objects reloaded before import = 0Number of asset objects unloaded after import = 297

========================================================================
Received Import Request.
  Time since last request: 19.272136 seconds.
  path: Assets/Textures
  artifactKey: Guid(d302d152328a6417ea85008571292695) Importer(815301076,1909f56bfc062723c751e8b465ee728b)
Start importing Assets/Textures using Guid(d302d152328a6417ea85008571292695) Importer(815301076,1909f56bfc062723c751e8b465ee728b) (PreviewImporter) -> (artifact id: '9341bb98294fcfa165f3a8e6f0d0e0ff') in 0.0007804 seconds
Number of updated asset objects reloaded before import = 0Number of asset objects unloaded after import = 0

========================================================================
Received Import Request.
  Time since last request: 64.973338 seconds.
  path: Assets/Textures/rock_face_03_disp_1k.png
  artifactKey: Guid(d9d81a17f3184d64db00ae384d4c83e5) Importer(815301076,1909f56bfc062723c751e8b465ee728b)
Start importing Assets/Textures/rock_face_03_disp_1k.png using Guid(d9d81a17f3184d64db00ae384d4c83e5) Importer(815301076,1909f56bfc062723c751e8b465ee728b) (PreviewImporter) -> (artifact id: '3a9db9b0031f0b5db61d9b8f1f93528e') in 0.0201286 seconds
Number of updated asset objects reloaded before import = 0Number of asset objects unloaded after import = 2

========================================================================
Received Import Request.
  Time since last request: 0.654916 seconds.
  path: Assets/Textures/rock_face_03_diff_1k.jpg
  artifactKey: Guid(59bc5f2460de0fd4bb701ef36e746fd5) Importer(815301076,1909f56bfc062723c751e8b465ee728b)
Start importing Assets/Textures/rock_face_03_diff_1k.jpg using Guid(59bc5f2460de0fd4bb701ef36e746fd5) Importer(815301076,1909f56bfc062723c751e8b465ee728b) (PreviewImporter) -> (artifact id: '21f25916e95334a7b2dfaa83c31d5c8c') in 0.0148235 seconds
Number of updated asset objects reloaded before import = 0Number of asset objects unloaded after import = 2

========================================================================
Received Import Request.
  Time since last request: 1247.536213 seconds.
  path: Assets/Textures/rock_06_disp_1k.png
  artifactKey: Guid(6fe629e2dede84f41b7d8f005a15dbe4) Importer(815301076,1909f56bfc062723c751e8b465ee728b)
Start importing Assets/Textures/rock_06_disp_1k.png using Guid(6fe629e2dede84f41b7d8f005a15dbe4) Importer(815301076,1909f56bfc062723c751e8b465ee728b) (PreviewImporter) -> (artifact id: '5cf983e73749ee0601ef21e0c97883d1') in 0.0289503 seconds
Number of updated asset objects reloaded before import = 0Number of asset objects unloaded after import = 2

========================================================================
Received Import Request.
  Time since last request: 57.830767 seconds.
  path: Assets/Prefabs/Room.prefab
  artifactKey: Guid(84723d726f7716444a7f3396e4f1afbb) Importer(815301076,1909f56bfc062723c751e8b465ee728b)
Start importing Assets/Prefabs/Room.prefab using Guid(84723d726f7716444a7f3396e4f1afbb) Importer(815301076,1909f56bfc062723c751e8b465ee728b) (PreviewImporter) -> (artifact id: 'fdf60f3b336b85dad613fae7f9aaf220') in 0.0301226 seconds
Number of updated asset objects reloaded before import = 0Number of asset objects unloaded after import = 205

========================================================================
Received Import Request.
  Time since last request: 15.925669 seconds.
  path: Assets/Prefabs/RoomTreasure.prefab
  artifactKey: Guid(dc2dc3d9236f5444d86b70a251e8eb75) Importer(815301076,1909f56bfc062723c751e8b465ee728b)
Start importing Assets/Prefabs/RoomTreasure.prefab using Guid(dc2dc3d9236f5444d86b70a251e8eb75) Importer(815301076,1909f56bfc062723c751e8b465ee728b) (PreviewImporter) -> (artifact id: 'c7eae471bf7076824c7fd094674f332b') in 0.0239798 seconds
Number of updated asset objects reloaded before import = 0Number of asset objects unloaded after import = 175

========================================================================
Received Import Request.
  Time since last request: 478.579774 seconds.
  path: Assets/Textures/terry_cloth_diff_1k.jpg
  artifactKey: Guid(3631bd6ce57b54f4ca9b2643f65af56e) Importer(815301076,1909f56bfc062723c751e8b465ee728b)
Start importing Assets/Textures/terry_cloth_diff_1k.jpg using Guid(3631bd6ce57b54f4ca9b2643f65af56e) Importer(815301076,1909f56bfc062723c751e8b465ee728b) (PreviewImporter) -> (artifact id: '6a1a466a0998ec406d03d0237976c80e') in 0.0148414 seconds
Number of updated asset objects reloaded before import = 0Number of asset objects unloaded after import = 2

========================================================================
Received Import Request.
  Time since last request: 203.189372 seconds.
  path: Assets/Prefabs/RoomItem Variant.prefab
  artifactKey: Guid(f06f21567e31f994bb49f06d1a6b054b) Importer(815301076,1909f56bfc062723c751e8b465ee728b)
Start importing Assets/Prefabs/RoomItem Variant.prefab using Guid(f06f21567e31f994bb49f06d1a6b054b) Importer(815301076,1909f56bfc062723c751e8b465ee728b) (PreviewImporter) -> (artifact id: '54355d3d884795921581280e68bb0476') in 0.028718 seconds
Number of updated asset objects reloaded before import = 0Number of asset objects unloaded after import = 358

========================================================================
Received Import Request.
  Time since last request: 1710.225641 seconds.
  path: Assets/Textures/terry_cloth_disp_1k.png
  artifactKey: Guid(3d851e2e7ef934d40843b2cc30ee5e79) Importer(815301076,1909f56bfc062723c751e8b465ee728b)
Start importing Assets/Textures/terry_cloth_disp_1k.png using Guid(3d851e2e7ef934d40843b2cc30ee5e79) Importer(815301076,1909f56bfc062723c751e8b465ee728b) (PreviewImporter) -> (artifact id: 'baa059b5f72b839f4397b94956eb66a4') in 0.0142349 seconds
Number of updated asset objects reloaded before import = 0Number of asset objects unloaded after import = 2

========================================================================
Received Import Request.
  Time since last request: 19.113889 seconds.
  path: Assets/Textures/Brickwork_001
  artifactKey: Guid(817d1a2c0db6e49ebbfa870a8568694a) Importer(815301076,1909f56bfc062723c751e8b465ee728b)
Start importing Assets/Textures/Brickwork_001 using Guid(817d1a2c0db6e49ebbfa870a8568694a) Importer(815301076,1909f56bfc062723c751e8b465ee728b) (PreviewImporter) -> (artifact id: 'a18230fef14f59a704258be4d76073e2') in 0.0010004 seconds
Number of updated asset objects reloaded before import = 0Number of asset objects unloaded after import = 0

========================================================================
Received Import Request.
  Time since last request: 48.673973 seconds.
  path: Assets/Prefabs/Player.prefab
  artifactKey: Guid(169449591f2890f4a90f223d4d78d74a) Importer(815301076,1909f56bfc062723c751e8b465ee728b)
Start importing Assets/Prefabs/Player.prefab using Guid(169449591f2890f4a90f223d4d78d74a) Importer(815301076,1909f56bfc062723c751e8b465ee728b) (PreviewImporter) -> (artifact id: 'e9f6c8b3caba28eab712aa59782b8e94') in 0.0133556 seconds
Number of updated asset objects reloaded before import = 0Number of asset objects unloaded after import = 8

